/home/inf-49-2023/miniconda3/envs/qc/bin/quast -o 04_QUAST/ -r 00_RAW/GCF_000146045.2_R64_genomic.fna -t 12 --no-icarus 03_FLYE/assembly.fasta

Version: 5.2.0

System information:
  OS: Linux-6.6.6-100.fc38.x86_64-x86_64-with-glibc2.37 (linux_64)
  Python version: 3.10.13
  CPUs number: 256

Started: 2024-02-21 14:47:26

Logging to /home/inf-49-2023/02_binp29/BINP29_PacBio_Assembly/04_QUAST/quast.log

CWD: /home/inf-49-2023/02_binp29/BINP29_PacBio_Assembly
Main parameters: 
  MODE: default, threads: 12, min contig length: 500, min alignment length: 65, min alignment IDY: 95.0, \
  ambiguity: one, min local misassembly length: 200, min extensive misassembly length: 1000

Reference:
  /home/inf-49-2023/02_binp29/BINP29_PacBio_Assembly/00_RAW/GCF_000146045.2_R64_genomic.fna ==> GCF_000146045.2_R64_genomic

Contigs:
  Pre-processing...
  03_FLYE/assembly.fasta ==> assembly

2024-02-21 14:47:27
Running Basic statistics processor...
  Reference genome:
    GCF_000146045.2_R64_genomic.fna, length = 12157105, num fragments = 17, GC % = 38.15
  Contig files: 
    assembly
  Calculating N50 and L50...
    assembly, N50 = 809074, L50 = 6, auN = 854376.4, Total length = 12119410, GC % = 38.30, # N's per 100 kbp =  0.00
  Drawing Nx plot...
    saved to /home/inf-49-2023/02_binp29/BINP29_PacBio_Assembly/04_QUAST/basic_stats/Nx_plot.pdf
  Drawing NGx plot...
    saved to /home/inf-49-2023/02_binp29/BINP29_PacBio_Assembly/04_QUAST/basic_stats/NGx_plot.pdf
  Drawing cumulative plot...
    saved to /home/inf-49-2023/02_binp29/BINP29_PacBio_Assembly/04_QUAST/basic_stats/cumulative_plot.pdf
  Drawing GC content plot...
    saved to /home/inf-49-2023/02_binp29/BINP29_PacBio_Assembly/04_QUAST/basic_stats/GC_content_plot.pdf
  Drawing assembly GC content plot...
    saved to /home/inf-49-2023/02_binp29/BINP29_PacBio_Assembly/04_QUAST/basic_stats/assembly_GC_content_plot.pdf
Done.

2024-02-21 14:47:29
Running Contig analyzer...
WARNING: Version of installed minimap2 differs from its version in the QUAST package (2.24). Please make sure that you use an actual version of software.
  assembly
  Logging to files /home/inf-49-2023/02_binp29/BINP29_PacBio_Assembly/04_QUAST/contigs_reports/contigs_report_assembly.stdout and contigs_report_assembly.stderr...
  Aligning contigs to the reference
WARNING: Version of installed minimap2 differs from its version in the QUAST package (2.24). Please make sure that you use an actual version of software.
  /home/inf-49-2023/miniconda3/envs/qc/bin/minimap2 -c -x asm10 -B5 -O4,16 --no-long-join \
  -r 200 -N 50 -s 65 -z 200 --mask-level 0.9 --min-occ 200 -g 2500 --score-N 2 --cs \
  -t 12 04_QUAST/quast_corrected_input/GCF_000146045.2_R64_genomic.fna 04_QUAST/quast_corrected_input/assembly.fasta \
  > 04_QUAST/contigs_reports/minimap_output/assembly.coords_tmp 2>> 04_QUAST/contigs_reports/contigs_report_assembly.stderr
  Analysis is finished.

  Creating total report...
    saved to /home/inf-49-2023/02_binp29/BINP29_PacBio_Assembly/04_QUAST/contigs_reports/misassemblies_report.txt, misassemblies_report.tsv, and misassemblies_report.tex
  Transposed version of total report...
    saved to /home/inf-49-2023/02_binp29/BINP29_PacBio_Assembly/04_QUAST/contigs_reports/transposed_report_misassemblies.txt, transposed_report_misassemblies.tsv, and transposed_report_misassemblies.tex
  Creating total report...
    saved to /home/inf-49-2023/02_binp29/BINP29_PacBio_Assembly/04_QUAST/contigs_reports/unaligned_report.txt, unaligned_report.tsv, and unaligned_report.tex
  Drawing misassemblies by types plot...
    saved to /home/inf-49-2023/02_binp29/BINP29_PacBio_Assembly/04_QUAST/contigs_reports/misassemblies_plot.pdf
  Drawing misassemblies FRCurve plot...
    saved to /home/inf-49-2023/02_binp29/BINP29_PacBio_Assembly/04_QUAST/contigs_reports/misassemblies_frcurve_plot.pdf
Done.

2024-02-21 14:47:33
Running NA-NGA calculation...
  assembly, Largest alignment = 843303, NA50 = 284119, NGA50 = 284119, LA50 = 12, LGA50 = 12
  Drawing cumulative plot...
    saved to /home/inf-49-2023/02_binp29/BINP29_PacBio_Assembly/04_QUAST/aligned_stats/cumulative_plot.pdf
  Drawing NAx plot...
    saved to /home/inf-49-2023/02_binp29/BINP29_PacBio_Assembly/04_QUAST/aligned_stats/NAx_plot.pdf
  Drawing NGAx plot...
    saved to /home/inf-49-2023/02_binp29/BINP29_PacBio_Assembly/04_QUAST/aligned_stats/NGAx_plot.pdf
Done.

2024-02-21 14:47:34
Running Genome analyzer...
  NOTICE: No file with genomic features were provided. Use the --features option if you want to specify it.

  NOTICE: No file with operons were provided. Use the -O option if you want to specify it.
  assembly
  Analysis is finished.
  Skipping drawing Genome fraction, % histogram... (less than 2 columns histogram makes no sense)
Done.

NOTICE: Genes are not predicted by default. Use --gene-finding or --glimmer option to enable it.

2024-02-21 14:47:37
Creating large visual summaries...
This may take a while: press Ctrl-C to skip this step..
  1 of 1: Creating PDF with all tables and plots...
Done

2024-02-21 14:47:38
RESULTS:
  Text versions of total report are saved to /home/inf-49-2023/02_binp29/BINP29_PacBio_Assembly/04_QUAST/report.txt, report.tsv, and report.tex
  Text versions of transposed total report are saved to /home/inf-49-2023/02_binp29/BINP29_PacBio_Assembly/04_QUAST/transposed_report.txt, transposed_report.tsv, and transposed_report.tex
  HTML version (interactive tables and plots) is saved to /home/inf-49-2023/02_binp29/BINP29_PacBio_Assembly/04_QUAST/report.html
  PDF version (tables and plots) is saved to /home/inf-49-2023/02_binp29/BINP29_PacBio_Assembly/04_QUAST/report.pdf
  Log is saved to /home/inf-49-2023/02_binp29/BINP29_PacBio_Assembly/04_QUAST/quast.log

Finished: 2024-02-21 14:47:38
Elapsed time: 0:00:11.391576
NOTICEs: 3; WARNINGs: 2; non-fatal ERRORs: 0

Thank you for using QUAST!
